<?xml version="1.0" encoding="UTF-8"?>
<coverage generated="1727257437291" clover="3.2.0">
  <project timestamp="1727257437291" name="All files">
    <metrics statements="88" coveredstatements="69" conditionals="13" coveredconditionals="6" methods="11" coveredmethods="8" elements="112" coveredelements="83" complexity="0" loc="88" ncloc="88" packages="4" files="9" classes="9"/>
    <package name="src">
      <metrics statements="27" coveredstatements="24" conditionals="3" coveredconditionals="0" methods="2" coveredmethods="1"/>
      <file name="app.ts" path="C:\Users\tonys\Documents\repos\boilerplates\node_express_api\src\app.ts">
        <metrics statements="27" coveredstatements="24" conditionals="3" coveredconditionals="0" methods="2" coveredmethods="1"/>
        <line num="4" count="4" type="stmt"/>
        <line num="5" count="4" type="stmt"/>
        <line num="6" count="4" type="stmt"/>
        <line num="7" count="4" type="stmt"/>
        <line num="8" count="4" type="stmt"/>
        <line num="9" count="4" type="stmt"/>
        <line num="10" count="4" type="stmt"/>
        <line num="11" count="4" type="stmt"/>
        <line num="12" count="4" type="stmt"/>
        <line num="16" count="4" type="stmt"/>
        <line num="22" count="4" type="stmt"/>
        <line num="30" count="4" type="stmt"/>
        <line num="39" count="4" type="stmt"/>
        <line num="44" count="4" type="stmt"/>
        <line num="49" count="4" type="stmt"/>
        <line num="54" count="4" type="stmt"/>
        <line num="61" count="4" type="stmt"/>
        <line num="70" count="4" type="stmt"/>
        <line num="81" count="4" type="stmt"/>
        <line num="86" count="4" type="stmt"/>
        <line num="90" count="4" type="stmt"/>
        <line num="95" count="4" type="stmt"/>
        <line num="109" count="4" type="cond" truecount="0" falsecount="1"/>
        <line num="113" count="0" type="cond" truecount="0" falsecount="2"/>
        <line num="118" count="0" type="stmt"/>
        <line num="119" count="0" type="stmt"/>
        <line num="126" count="4" type="stmt"/>
      </file>
    </package>
    <package name="src.controllers">
      <metrics statements="8" coveredstatements="8" conditionals="1" coveredconditionals="1" methods="3" coveredmethods="3"/>
      <file name="userController.ts" path="C:\Users\tonys\Documents\repos\boilerplates\node_express_api\src\controllers\userController.ts">
        <metrics statements="8" coveredstatements="8" conditionals="1" coveredconditionals="1" methods="3" coveredmethods="3"/>
        <line num="11" count="5" type="stmt"/>
        <line num="25" count="5" type="stmt"/>
        <line num="29" count="3" type="stmt"/>
        <line num="42" count="5" type="stmt"/>
        <line num="47" count="6" type="stmt"/>
        <line num="49" count="4" type="cond" truecount="1" falsecount="0"/>
        <line num="53" count="2" type="stmt"/>
        <line num="59" count="2" type="stmt"/>
      </file>
    </package>
    <package name="src.middleware">
      <metrics statements="47" coveredstatements="31" conditionals="9" coveredconditionals="5" methods="6" coveredmethods="4"/>
      <file name="caching.ts" path="C:\Users\tonys\Documents\repos\boilerplates\node_express_api\src\middleware\caching.ts">
        <metrics statements="15" coveredstatements="0" conditionals="1" coveredconditionals="0" methods="2" coveredmethods="0"/>
        <line num="5" count="0" type="stmt"/>
        <line num="6" count="0" type="stmt"/>
        <line num="11" count="0" type="stmt"/>
        <line num="18" count="0" type="stmt"/>
        <line num="30" count="0" type="stmt"/>
        <line num="40" count="0" type="stmt"/>
        <line num="44" count="0" type="stmt"/>
        <line num="49" count="0" type="stmt"/>
        <line num="51" count="0" type="stmt"/>
        <line num="55" count="0" type="stmt"/>
        <line num="57" count="0" type="cond" truecount="0" falsecount="1"/>
        <line num="61" count="0" type="stmt"/>
        <line num="67" count="0" type="stmt"/>
        <line num="72" count="0" type="stmt"/>
        <line num="77" count="0" type="stmt"/>
      </file>
      <file name="compression.ts" path="C:\Users\tonys\Documents\repos\boilerplates\node_express_api\src\middleware\compression.ts">
        <metrics statements="6" coveredstatements="5" conditionals="1" coveredconditionals="0" methods="1" coveredmethods="1"/>
        <line num="4" count="4" type="stmt"/>
        <line num="11" count="4" type="stmt"/>
        <line num="36" count="10" type="cond" truecount="0" falsecount="1"/>
        <line num="40" count="0" type="stmt"/>
        <line num="46" count="10" type="stmt"/>
        <line num="53" count="4" type="stmt"/>
      </file>
      <file name="cors.ts" path="C:\Users\tonys\Documents\repos\boilerplates\node_express_api\src\middleware\cors.ts">
        <metrics statements="9" coveredstatements="9" conditionals="3" coveredconditionals="3" methods="1" coveredmethods="1"/>
        <line num="4" count="5" type="stmt"/>
        <line num="10" count="5" type="stmt"/>
        <line num="16" count="5" type="stmt"/>
        <line num="30" count="13" type="cond" truecount="1" falsecount="0"/>
        <line num="35" count="2" type="cond" truecount="2" falsecount="0"/>
        <line num="36" count="1" type="stmt"/>
        <line num="41" count="1" type="stmt"/>
        <line num="60" count="5" type="stmt"/>
        <line num="62" count="5" type="stmt"/>
      </file>
      <file name="rateLimit.ts" path="C:\Users\tonys\Documents\repos\boilerplates\node_express_api\src\middleware\rateLimit.ts">
        <metrics statements="3" coveredstatements="3" conditionals="0" coveredconditionals="0" methods="0" coveredmethods="0"/>
        <line num="4" count="5" type="stmt"/>
        <line num="11" count="5" type="stmt"/>
        <line num="42" count="5" type="stmt"/>
      </file>
      <file name="security.ts" path="C:\Users\tonys\Documents\repos\boilerplates\node_express_api\src\middleware\security.ts">
        <metrics statements="2" coveredstatements="2" conditionals="0" coveredconditionals="0" methods="0" coveredmethods="0"/>
        <line num="1" count="4" type="stmt"/>
        <line num="3" count="4" type="stmt"/>
      </file>
      <file name="swagger.ts" path="C:\Users\tonys\Documents\repos\boilerplates\node_express_api\src\middleware\swagger.ts">
        <metrics statements="12" coveredstatements="12" conditionals="4" coveredconditionals="2" methods="2" coveredmethods="2"/>
        <line num="4" count="4" type="stmt"/>
        <line num="5" count="4" type="stmt"/>
        <line num="7" count="4" type="stmt"/>
        <line num="12" count="4" type="stmt"/>
        <line num="18" count="4" type="stmt"/>
        <line num="73" count="4" type="stmt"/>
        <line num="80" count="4" type="stmt"/>
        <line num="84" count="4" type="stmt"/>
        <line num="89" count="4" type="stmt"/>
        <line num="94" count="4" type="stmt"/>
        <line num="98" count="1" type="stmt"/>
        <line num="103" count="1" type="stmt"/>
      </file>
    </package>
    <package name="src.routes">
      <metrics statements="6" coveredstatements="6" conditionals="0" coveredconditionals="0" methods="0" coveredmethods="0"/>
      <file name="user.ts" path="C:\Users\tonys\Documents\repos\boilerplates\node_express_api\src\routes\user.ts">
        <metrics statements="6" coveredstatements="6" conditionals="0" coveredconditionals="0" methods="0" coveredmethods="0"/>
        <line num="1" count="4" type="stmt"/>
        <line num="2" count="4" type="stmt"/>
        <line num="4" count="4" type="stmt"/>
        <line num="36" count="4" type="stmt"/>
        <line num="68" count="4" type="stmt"/>
        <line num="70" count="4" type="stmt"/>
      </file>
    </package>
  </project>
</coverage>
