{"C:\\Users\\tonys\\Documents\\repos\\boilerplates\\node_express_api\\src\\app.ts": {"path":"C:\\Users\\tonys\\Documents\\repos\\boilerplates\\node_express_api\\src\\app.ts","statementMap":{"0":{"start":{"line":4,"column":0},"end":{"line":4,"column":43}},"1":{"start":{"line":5,"column":0},"end":{"line":5,"column":32}},"2":{"start":{"line":6,"column":0},"end":{"line":6,"column":39}},"3":{"start":{"line":7,"column":0},"end":{"line":7,"column":52}},"4":{"start":{"line":8,"column":0},"end":{"line":8,"column":59}},"5":{"start":{"line":9,"column":0},"end":{"line":9,"column":61}},"6":{"start":{"line":10,"column":0},"end":{"line":10,"column":47}},"7":{"start":{"line":11,"column":0},"end":{"line":11,"column":28}},"8":{"start":{"line":12,"column":0},"end":{"line":12,"column":62}},"9":{"start":{"line":16,"column":0},"end":{"line":16,"column":9}},"10":{"start":{"line":22,"column":21},"end":{"line":22,"column":30}},"11":{"start":{"line":30,"column":0},"end":{"line":34,"column":2}},"12":{"start":{"line":39,"column":0},"end":{"line":39,"column":31}},"13":{"start":{"line":44,"column":0},"end":{"line":44,"column":24}},"14":{"start":{"line":49,"column":0},"end":{"line":49,"column":31}},"15":{"start":{"line":54,"column":0},"end":{"line":54,"column":24}},"16":{"start":{"line":61,"column":0},"end":{"line":61,"column":63}},"17":{"start":{"line":70,"column":0},"end":{"line":70,"column":57}},"18":{"start":{"line":81,"column":0},"end":{"line":81,"column":18}},"19":{"start":{"line":86,"column":0},"end":{"line":100,"column":3}},"20":{"start":{"line":90,"column":2},"end":{"line":90,"column":45}},"21":{"start":{"line":95,"column":2},"end":{"line":99,"column":4}},"22":{"start":{"line":109,"column":0},"end":{"line":121,"column":1}},"23":{"start":{"line":113,"column":15},"end":{"line":113,"column":39}},"24":{"start":{"line":118,"column":2},"end":{"line":120,"column":5}},"25":{"start":{"line":119,"column":4},"end":{"line":119,"column":53}},"26":{"start":{"line":126,"column":0},"end":{"line":126,"column":19}}},"fnMap":{"0":{"name":"(anonymous_1)","decl":{"start":{"line":86,"column":18},"end":{"line":86,"column":19}},"loc":{"start":{"line":86,"column":31},"end":{"line":100,"column":1}}},"1":{"name":"(anonymous_2)","decl":{"start":{"line":118,"column":19},"end":{"line":118,"column":22}},"loc":{"start":{"line":118,"column":24},"end":{"line":120,"column":3}}}},"branchMap":{"0":{"loc":{"start":{"line":109,"column":0},"end":{"line":121,"column":1}},"type":"if","locations":[{"start":{"line":109,"column":0},"end":{"line":121,"column":1}}]},"1":{"loc":{"start":{"line":113,"column":15},"end":{"line":113,"column":39}},"type":"binary-expr","locations":[{"start":{"line":113,"column":15},"end":{"line":113,"column":31}},{"start":{"line":113,"column":35},"end":{"line":113,"column":39}}]}},"s":{"0":4,"1":4,"2":4,"3":4,"4":4,"5":4,"6":4,"7":4,"8":4,"9":4,"10":4,"11":4,"12":4,"13":4,"14":4,"15":4,"16":4,"17":4,"18":4,"19":4,"20":4,"21":4,"22":4,"23":0,"24":0,"25":0,"26":4},"f":{"0":4,"1":0},"b":{"0":[0],"1":[0,0]}}
,"C:\\Users\\tonys\\Documents\\repos\\boilerplates\\node_express_api\\src\\controllers\\userController.ts": {"path":"C:\\Users\\tonys\\Documents\\repos\\boilerplates\\node_express_api\\src\\controllers\\userController.ts","statementMap":{"0":{"start":{"line":11,"column":14},"end":{"line":14,"column":2}},"1":{"start":{"line":25,"column":27},"end":{"line":30,"column":1}},"2":{"start":{"line":29,"column":2},"end":{"line":29,"column":18}},"3":{"start":{"line":25,"column":13},"end":{"line":25,"column":27}},"4":{"start":{"line":42,"column":27},"end":{"line":60,"column":1}},"5":{"start":{"line":47,"column":15},"end":{"line":47,"column":66}},"6":{"start":{"line":47,"column":33},"end":{"line":47,"column":65}},"7":{"start":{"line":49,"column":2},"end":{"line":54,"column":3}},"8":{"start":{"line":53,"column":4},"end":{"line":53,"column":63}},"9":{"start":{"line":59,"column":2},"end":{"line":59,"column":17}},"10":{"start":{"line":42,"column":13},"end":{"line":42,"column":27}}},"fnMap":{"0":{"name":"(anonymous_0)","decl":{"start":{"line":25,"column":27},"end":{"line":25,"column":28}},"loc":{"start":{"line":25,"column":59},"end":{"line":30,"column":1}}},"1":{"name":"(anonymous_1)","decl":{"start":{"line":42,"column":27},"end":{"line":42,"column":28}},"loc":{"start":{"line":42,"column":59},"end":{"line":60,"column":1}}},"2":{"name":"(anonymous_2)","decl":{"start":{"line":47,"column":26},"end":{"line":47,"column":27}},"loc":{"start":{"line":47,"column":33},"end":{"line":47,"column":65}}}},"branchMap":{"0":{"loc":{"start":{"line":49,"column":2},"end":{"line":54,"column":3}},"type":"if","locations":[{"start":{"line":49,"column":2},"end":{"line":54,"column":3}}]}},"s":{"0":5,"1":5,"2":3,"3":5,"4":5,"5":4,"6":6,"7":4,"8":2,"9":2,"10":5},"f":{"0":3,"1":4,"2":6},"b":{"0":[2]}}
,"C:\\Users\\tonys\\Documents\\repos\\boilerplates\\node_express_api\\src\\middleware\\caching.ts": {"path":"C:\\Users\\tonys\\Documents\\repos\\boilerplates\\node_express_api\\src\\middleware\\caching.ts","statementMap":{"0":{"start":{"line":5,"column":0},"end":{"line":5,"column":37}},"1":{"start":{"line":6,"column":0},"end":{"line":6,"column":32}},"2":{"start":{"line":11,"column":0},"end":{"line":11,"column":9}},"3":{"start":{"line":18,"column":13},"end":{"line":23,"column":3}},"4":{"start":{"line":30,"column":0},"end":{"line":30,"column":43}},"5":{"start":{"line":40,"column":26},"end":{"line":79,"column":2}},"6":{"start":{"line":44,"column":4},"end":{"line":79,"column":2}},"7":{"start":{"line":49,"column":14},"end":{"line":49,"column":29}},"8":{"start":{"line":51,"column":2},"end":{"line":78,"column":3}},"9":{"start":{"line":55,"column":23},"end":{"line":55,"column":49}},"10":{"start":{"line":57,"column":4},"end":{"line":62,"column":5}},"11":{"start":{"line":61,"column":6},"end":{"line":61,"column":46}},"12":{"start":{"line":67,"column":4},"end":{"line":67,"column":11}},"13":{"start":{"line":72,"column":4},"end":{"line":72,"column":41}},"14":{"start":{"line":77,"column":4},"end":{"line":77,"column":11}},"15":{"start":{"line":40,"column":13},"end":{"line":40,"column":26}}},"fnMap":{"0":{"name":"(anonymous_7)","decl":{"start":{"line":40,"column":26},"end":{"line":40,"column":null}},"loc":{"start":{"line":44,"column":4},"end":{"line":79,"column":2}}},"1":{"name":"(anonymous_8)","decl":{"start":{"line":44,"column":4},"end":{"line":44,"column":null}},"loc":{"start":{"line":44,"column":4},"end":{"line":79,"column":1}}}},"branchMap":{"0":{"loc":{"start":{"line":57,"column":4},"end":{"line":62,"column":5}},"type":"if","locations":[{"start":{"line":57,"column":4},"end":{"line":62,"column":5}}]}},"s":{"0":0,"1":0,"2":0,"3":0,"4":0,"5":0,"6":0,"7":0,"8":0,"9":0,"10":0,"11":0,"12":0,"13":0,"14":0,"15":0},"f":{"0":0,"1":0},"b":{"0":[0]}}
,"C:\\Users\\tonys\\Documents\\repos\\boilerplates\\node_express_api\\src\\middleware\\compression.ts": {"path":"C:\\Users\\tonys\\Documents\\repos\\boilerplates\\node_express_api\\src\\middleware\\compression.ts","statementMap":{"0":{"start":{"line":4,"column":0},"end":{"line":4,"column":38}},"1":{"start":{"line":11,"column":30},"end":{"line":48,"column":2}},"2":{"start":{"line":36,"column":4},"end":{"line":41,"column":5}},"3":{"start":{"line":40,"column":6},"end":{"line":40,"column":19}},"4":{"start":{"line":46,"column":4},"end":{"line":46,"column":40}},"5":{"start":{"line":53,"column":0},"end":{"line":53,"column":37}}},"fnMap":{"0":{"name":"(anonymous_1)","decl":{"start":{"line":32,"column":10},"end":{"line":32,"column":11}},"loc":{"start":{"line":32,"column":23},"end":{"line":47,"column":3}}}},"branchMap":{"0":{"loc":{"start":{"line":36,"column":4},"end":{"line":41,"column":5}},"type":"if","locations":[{"start":{"line":36,"column":4},"end":{"line":41,"column":5}}]}},"s":{"0":4,"1":4,"2":10,"3":0,"4":10,"5":4},"f":{"0":10},"b":{"0":[0]}}
,"C:\\Users\\tonys\\Documents\\repos\\boilerplates\\node_express_api\\src\\middleware\\cors.ts": {"path":"C:\\Users\\tonys\\Documents\\repos\\boilerplates\\node_express_api\\src\\middleware\\cors.ts","statementMap":{"0":{"start":{"line":4,"column":0},"end":{"line":4,"column":24}},"1":{"start":{"line":10,"column":23},"end":{"line":10,"column":73}},"2":{"start":{"line":16,"column":20},"end":{"line":54,"column":2}},"3":{"start":{"line":30,"column":4},"end":{"line":30,"column":45}},"4":{"start":{"line":30,"column":17},"end":{"line":30,"column":45}},"5":{"start":{"line":35,"column":4},"end":{"line":42,"column":5}},"6":{"start":{"line":36,"column":6},"end":{"line":36,"column":27}},"7":{"start":{"line":41,"column":6},"end":{"line":41,"column":49}},"8":{"start":{"line":60,"column":23},"end":{"line":60,"column":40}},"9":{"start":{"line":62,"column":0},"end":{"line":62,"column":30}}},"fnMap":{"0":{"name":"(anonymous_1)","decl":{"start":{"line":23,"column":10},"end":{"line":23,"column":null}},"loc":{"start":{"line":26,"column":6},"end":{"line":43,"column":3}}}},"branchMap":{"0":{"loc":{"start":{"line":30,"column":4},"end":{"line":30,"column":45}},"type":"if","locations":[{"start":{"line":30,"column":4},"end":{"line":30,"column":45}}]},"1":{"loc":{"start":{"line":35,"column":4},"end":{"line":42,"column":5}},"type":"if","locations":[{"start":{"line":35,"column":4},"end":{"line":42,"column":5}},{"start":{"line":37,"column":11},"end":{"line":42,"column":5}}]}},"s":{"0":5,"1":5,"2":5,"3":13,"4":11,"5":2,"6":1,"7":1,"8":5,"9":5},"f":{"0":13},"b":{"0":[11],"1":[1,1]}}
,"C:\\Users\\tonys\\Documents\\repos\\boilerplates\\node_express_api\\src\\middleware\\rateLimit.ts": {"path":"C:\\Users\\tonys\\Documents\\repos\\boilerplates\\node_express_api\\src\\middleware\\rateLimit.ts","statementMap":{"0":{"start":{"line":4,"column":0},"end":{"line":4,"column":43}},"1":{"start":{"line":11,"column":13},"end":{"line":35,"column":3}},"2":{"start":{"line":42,"column":27},"end":{"line":66,"column":2}}},"fnMap":{},"branchMap":{},"s":{"0":5,"1":5,"2":5},"f":{},"b":{}}
,"C:\\Users\\tonys\\Documents\\repos\\boilerplates\\node_express_api\\src\\middleware\\security.ts": {"path":"C:\\Users\\tonys\\Documents\\repos\\boilerplates\\node_express_api\\src\\middleware\\security.ts","statementMap":{"0":{"start":{"line":1,"column":0},"end":{"line":1,"column":28}},"1":{"start":{"line":3,"column":13},"end":{"line":9,"column":3}}},"fnMap":{},"branchMap":{},"s":{"0":4,"1":4},"f":{},"b":{}}
,"C:\\Users\\tonys\\Documents\\repos\\boilerplates\\node_express_api\\src\\middleware\\swagger.ts": {"path":"C:\\Users\\tonys\\Documents\\repos\\boilerplates\\node_express_api\\src\\middleware\\swagger.ts","statementMap":{"0":{"start":{"line":4,"column":0},"end":{"line":4,"column":41}},"1":{"start":{"line":5,"column":0},"end":{"line":5,"column":43}},"2":{"start":{"line":7,"column":0},"end":{"line":7,"column":32}},"3":{"start":{"line":12,"column":0},"end":{"line":12,"column":9}},"4":{"start":{"line":18,"column":16},"end":{"line":67,"column":2}},"5":{"start":{"line":73,"column":20},"end":{"line":73,"column":41}},"6":{"start":{"line":80,"column":28},"end":{"line":105,"column":1}},"7":{"start":{"line":84,"column":2},"end":{"line":84,"column":70}},"8":{"start":{"line":89,"column":2},"end":{"line":89,"column":53}},"9":{"start":{"line":94,"column":2},"end":{"line":104,"column":5}},"10":{"start":{"line":98,"column":4},"end":{"line":98,"column":54}},"11":{"start":{"line":103,"column":4},"end":{"line":103,"column":26}},"12":{"start":{"line":80,"column":13},"end":{"line":80,"column":28}}},"fnMap":{"0":{"name":"(anonymous_1)","decl":{"start":{"line":80,"column":28},"end":{"line":80,"column":29}},"loc":{"start":{"line":80,"column":45},"end":{"line":105,"column":1}}},"1":{"name":"(anonymous_2)","decl":{"start":{"line":94,"column":28},"end":{"line":94,"column":29}},"loc":{"start":{"line":94,"column":41},"end":{"line":104,"column":3}}}},"branchMap":{"0":{"loc":{"start":{"line":56,"column":33},"end":{"line":56,"column":57}},"type":"binary-expr","locations":[{"start":{"line":56,"column":33},"end":{"line":56,"column":49}},{"start":{"line":56,"column":53},"end":{"line":56,"column":57}}]},"1":{"loc":{"start":{"line":57,"column":10},"end":{"line":57,"column":null}},"type":"binary-expr","locations":[{"start":{"line":57,"column":10},"end":{"line":57,"column":34}},{"start":{"line":57,"column":38},"end":{"line":57,"column":null}}]}},"s":{"0":4,"1":4,"2":4,"3":4,"4":4,"5":4,"6":4,"7":4,"8":4,"9":4,"10":1,"11":1,"12":4},"f":{"0":4,"1":1},"b":{"0":[4,0],"1":[4,0]}}
,"C:\\Users\\tonys\\Documents\\repos\\boilerplates\\node_express_api\\src\\routes\\user.ts": {"path":"C:\\Users\\tonys\\Documents\\repos\\boilerplates\\node_express_api\\src\\routes\\user.ts","statementMap":{"0":{"start":{"line":1,"column":0},"end":{"line":1,"column":33}},"1":{"start":{"line":2,"column":0},"end":{"line":2,"column":73}},"2":{"start":{"line":4,"column":23},"end":{"line":4,"column":31}},"3":{"start":{"line":36,"column":0},"end":{"line":36,"column":29}},"4":{"start":{"line":68,"column":0},"end":{"line":68,"column":32}},"5":{"start":{"line":70,"column":0},"end":{"line":70,"column":22}}},"fnMap":{},"branchMap":{},"s":{"0":4,"1":4,"2":4,"3":4,"4":4,"5":4},"f":{},"b":{}}
}
