TN:
SF:src\app.ts
FN:86,(anonymous_1)
FN:118,(anonymous_2)
FNF:2
FNH:1
FNDA:4,(anonymous_1)
FNDA:0,(anonymous_2)
DA:4,4
DA:5,4
DA:6,4
DA:7,4
DA:8,4
DA:9,4
DA:10,4
DA:11,4
DA:12,4
DA:16,4
DA:22,4
DA:30,4
DA:39,4
DA:44,4
DA:49,4
DA:54,4
DA:61,4
DA:70,4
DA:81,4
DA:86,4
DA:90,4
DA:95,4
DA:109,4
DA:113,0
DA:118,0
DA:119,0
DA:126,4
LF:27
LH:24
BRDA:109,0,0,0
BRDA:113,1,0,0
BRDA:113,1,1,0
BRF:3
BRH:0
end_of_record
TN:
SF:src\controllers\userController.ts
FN:25,(anonymous_0)
FN:42,(anonymous_1)
FN:47,(anonymous_2)
FNF:3
FNH:3
FNDA:3,(anonymous_0)
FNDA:4,(anonymous_1)
FNDA:6,(anonymous_2)
DA:11,5
DA:25,5
DA:29,3
DA:42,5
DA:47,6
DA:49,4
DA:53,2
DA:59,2
LF:8
LH:8
BRDA:49,0,0,2
BRF:1
BRH:1
end_of_record
TN:
SF:src\middleware\caching.ts
FN:40,(anonymous_7)
FN:44,(anonymous_8)
FNF:2
FNH:0
FNDA:0,(anonymous_7)
FNDA:0,(anonymous_8)
DA:5,0
DA:6,0
DA:11,0
DA:18,0
DA:30,0
DA:40,0
DA:44,0
DA:49,0
DA:51,0
DA:55,0
DA:57,0
DA:61,0
DA:67,0
DA:72,0
DA:77,0
LF:15
LH:0
BRDA:57,0,0,0
BRF:1
BRH:0
end_of_record
TN:
SF:src\middleware\compression.ts
FN:32,(anonymous_1)
FNF:1
FNH:1
FNDA:10,(anonymous_1)
DA:4,4
DA:11,4
DA:36,10
DA:40,0
DA:46,10
DA:53,4
LF:6
LH:5
BRDA:36,0,0,0
BRF:1
BRH:0
end_of_record
TN:
SF:src\middleware\cors.ts
FN:23,(anonymous_1)
FNF:1
FNH:1
FNDA:13,(anonymous_1)
DA:4,5
DA:10,5
DA:16,5
DA:30,13
DA:35,2
DA:36,1
DA:41,1
DA:60,5
DA:62,5
LF:9
LH:9
BRDA:30,0,0,11
BRDA:35,1,0,1
BRDA:35,1,1,1
BRF:3
BRH:3
end_of_record
TN:
SF:src\middleware\rateLimit.ts
FNF:0
FNH:0
DA:4,5
DA:11,5
DA:42,5
LF:3
LH:3
BRF:0
BRH:0
end_of_record
TN:
SF:src\middleware\security.ts
FNF:0
FNH:0
DA:1,4
DA:3,4
LF:2
LH:2
BRF:0
BRH:0
end_of_record
TN:
SF:src\middleware\swagger.ts
FN:80,(anonymous_1)
FN:94,(anonymous_2)
FNF:2
FNH:2
FNDA:4,(anonymous_1)
FNDA:1,(anonymous_2)
DA:4,4
DA:5,4
DA:7,4
DA:12,4
DA:18,4
DA:73,4
DA:80,4
DA:84,4
DA:89,4
DA:94,4
DA:98,1
DA:103,1
LF:12
LH:12
BRDA:56,0,0,4
BRDA:56,0,1,0
BRDA:57,1,0,4
BRDA:57,1,1,0
BRF:4
BRH:2
end_of_record
TN:
SF:src\routes\user.ts
FNF:0
FNH:0
DA:1,4
DA:2,4
DA:4,4
DA:36,4
DA:68,4
DA:70,4
LF:6
LH:6
BRF:0
BRH:0
end_of_record
